2026-02-20T06:00:11.041Z  INFO 1 --- [Chat Rag Storage] [main] c.a.c.ChatRagStorageApplication          : Starting ChatRagStorageApplication v0.0.1-SNAPSHOT using Java 23.0.2 with PID 1 (/app/app.jar started by root in /app)
2026-02-20T06:00:11.052Z  INFO 1 --- [Chat Rag Storage] [main] c.a.c.ChatRagStorageApplication          : The following 1 profile is active: "local"
2026-02-20T06:00:14.365Z  INFO 1 --- [Chat Rag Storage] [main] .s.d.r.c.RepositoryConfigurationDelegate : Bootstrapping Spring Data JPA repositories in DEFAULT mode.
2026-02-20T06:00:14.553Z  INFO 1 --- [Chat Rag Storage] [main] .s.d.r.c.RepositoryConfigurationDelegate : Finished Spring Data repository scanning in 153 ms. Found 2 JPA repository interfaces.
2026-02-20T06:00:16.834Z  INFO 1 --- [Chat Rag Storage] [main] o.s.boot.tomcat.TomcatWebServer          : Tomcat initialized with port 8080 (http)
2026-02-20T06:00:16.888Z  INFO 1 --- [Chat Rag Storage] [main] o.apache.catalina.core.StandardService   : Starting service [Tomcat]
2026-02-20T06:00:16.895Z  INFO 1 --- [Chat Rag Storage] [main] o.apache.catalina.core.StandardEngine    : Starting Servlet engine: [Apache Tomcat/11.0.15]
2026-02-20T06:00:17.064Z  INFO 1 --- [Chat Rag Storage] [main] b.w.c.s.WebApplicationContextInitializer : Root WebApplicationContext: initialization completed in 5768 ms
2026-02-20T06:00:18.242Z  INFO 1 --- [Chat Rag Storage] [main] org.hibernate.orm.jpa                    : HHH008540: Processing PersistenceUnitInfo [name: default]
2026-02-20T06:00:18.504Z  INFO 1 --- [Chat Rag Storage] [main] org.hibernate.orm.core                   : HHH000001: Hibernate ORM core version 7.2.1.Final
2026-02-20T06:00:20.689Z  INFO 1 --- [Chat Rag Storage] [main] o.s.o.j.p.SpringPersistenceUnitInfo      : No LoadTimeWeaver setup: ignoring JPA class transformer
2026-02-20T06:00:20.823Z  INFO 1 --- [Chat Rag Storage] [main] com.zaxxer.hikari.HikariDataSource       : HikariPool-1 - Starting...
2026-02-20T06:00:21.529Z  INFO 1 --- [Chat Rag Storage] [main] com.zaxxer.hikari.pool.HikariPool        : HikariPool-1 - Added connection org.postgresql.jdbc.PgConnection@7cf66cf9
2026-02-20T06:00:21.540Z  INFO 1 --- [Chat Rag Storage] [main] com.zaxxer.hikari.HikariDataSource       : HikariPool-1 - Start completed.
2026-02-20T06:00:21.777Z  INFO 1 --- [Chat Rag Storage] [main] org.hibernate.orm.connections.pooling    : HHH10001005: Database info:
	Database JDBC URL [jdbc:postgresql://db:5432/chat-rag]
	Database driver: PostgreSQL JDBC Driver
	Database dialect: PostgreSQLDialect
	Database version: 16.12
	Default catalog/schema: chat-rag/public
	Autocommit mode: undefined/unknown
	Isolation level: READ_COMMITTED [default READ_COMMITTED]
	JDBC fetch size: none
	Pool: DataSourceConnectionProvider
	Minimum pool size: undefined/unknown
	Maximum pool size: undefined/unknown
2026-02-20T06:00:25.628Z  INFO 1 --- [Chat Rag Storage] [main] org.hibernate.orm.core                   : HHH000489: No JTA platform available (set 'hibernate.transaction.jta.platform' to enable JTA platform integration)
2026-02-20T06:00:25.922Z  INFO 1 --- [Chat Rag Storage] [main] j.LocalContainerEntityManagerFactoryBean : Initialized JPA EntityManagerFactory for persistence unit 'default'
2026-02-20T06:00:26.267Z  INFO 1 --- [Chat Rag Storage] [main] o.s.d.j.r.query.QueryEnhancerFactories   : Hibernate is in classpath; If applicable, HQL parser will be used.
2026-02-20T06:00:29.568Z  WARN 1 --- [Chat Rag Storage] [main] JpaBaseConfiguration$JpaWebConfiguration : spring.jpa.open-in-view is enabled by default. Therefore, database queries may be performed during view rendering. Explicitly configure spring.jpa.open-in-view to disable this warning
2026-02-20T06:00:29.829Z  WARN 1 --- [Chat Rag Storage] [main] .s.a.UserDetailsServiceAutoConfiguration : 

Using generated security password: d4ddcff8-f8bd-4bbe-8031-f7ef2a94ed5e

This generated password is for development use only. Your security configuration must be updated before running your application in production.

2026-02-20T06:00:29.866Z  INFO 1 --- [Chat Rag Storage] [main] r$InitializeUserDetailsManagerConfigurer : Global AuthenticationManager configured with UserDetailsService bean with name inMemoryUserDetailsManager
2026-02-20T06:00:30.448Z  WARN 1 --- [Chat Rag Storage] [main] o.s.s.c.a.web.builders.WebSecurity       : You are asking Spring Security to ignore PathPattern [/v3/api-docs/**]. This is not recommended -- please use permitAll via HttpSecurity#authorizeHttpRequests instead.
2026-02-20T06:00:30.470Z  WARN 1 --- [Chat Rag Storage] [main] o.s.s.c.a.web.builders.WebSecurity       : You are asking Spring Security to ignore PathPattern [/swagger-ui/**]. This is not recommended -- please use permitAll via HttpSecurity#authorizeHttpRequests instead.
2026-02-20T06:00:30.477Z  WARN 1 --- [Chat Rag Storage] [main] o.s.s.c.a.web.builders.WebSecurity       : You are asking Spring Security to ignore PathPattern [/swagger-ui.html]. This is not recommended -- please use permitAll via HttpSecurity#authorizeHttpRequests instead.
2026-02-20T06:00:30.482Z  WARN 1 --- [Chat Rag Storage] [main] o.s.s.c.a.web.builders.WebSecurity       : You are asking Spring Security to ignore PathPattern [/swagger-ui/webjars/**]. This is not recommended -- please use permitAll via HttpSecurity#authorizeHttpRequests instead.
2026-02-20T06:00:30.490Z  WARN 1 --- [Chat Rag Storage] [main] o.s.s.c.a.web.builders.WebSecurity       : You are asking Spring Security to ignore PathPattern [/actuator/**]. This is not recommended -- please use permitAll via HttpSecurity#authorizeHttpRequests instead.
2026-02-20T06:00:32.385Z  INFO 1 --- [Chat Rag Storage] [main] o.s.b.a.e.web.EndpointLinksResolver      : Exposing 3 endpoints beneath base path '/actuator'
2026-02-20T06:00:32.609Z  INFO 1 --- [Chat Rag Storage] [main] o.s.boot.tomcat.TomcatWebServer          : Tomcat started on port 8080 (http) with context path '/'
2026-02-20T06:00:32.642Z  INFO 1 --- [Chat Rag Storage] [main] c.a.c.ChatRagStorageApplication          : Started ChatRagStorageApplication in 23.323 seconds (process running for 25.042)
2026-02-20T07:18:30.108Z  INFO 1 --- [Chat Rag Storage] [SpringApplicationShutdownHook] o.s.boot.tomcat.GracefulShutdown         : Commencing graceful shutdown. Waiting for active requests to complete
2026-02-20T07:18:30.257Z  INFO 1 --- [Chat Rag Storage] [tomcat-shutdown] o.s.boot.tomcat.GracefulShutdown         : Graceful shutdown complete
2026-02-20T07:18:30.375Z  INFO 1 --- [Chat Rag Storage] [SpringApplicationShutdownHook] j.LocalContainerEntityManagerFactoryBean : Closing JPA EntityManagerFactory for persistence unit 'default'
2026-02-20T07:18:30.427Z  INFO 1 --- [Chat Rag Storage] [SpringApplicationShutdownHook] com.zaxxer.hikari.HikariDataSource       : HikariPool-1 - Shutdown initiated...
2026-02-20T07:18:30.452Z  INFO 1 --- [Chat Rag Storage] [SpringApplicationShutdownHook] com.zaxxer.hikari.HikariDataSource       : HikariPool-1 - Shutdown completed.
2026-02-20T07:40:00.094Z  INFO 1 --- [Chat Rag Storage] [main] c.a.c.ChatRagStorageApplication          : Starting ChatRagStorageApplication v0.0.1-SNAPSHOT using Java 23.0.2 with PID 1 (/app/app.jar started by root in /app)
2026-02-20T07:40:00.105Z  INFO 1 --- [Chat Rag Storage] [main] c.a.c.ChatRagStorageApplication          : The following 1 profile is active: "local"
2026-02-20T07:40:02.295Z  INFO 1 --- [Chat Rag Storage] [main] .s.d.r.c.RepositoryConfigurationDelegate : Bootstrapping Spring Data JPA repositories in DEFAULT mode.
2026-02-20T07:40:02.415Z  INFO 1 --- [Chat Rag Storage] [main] .s.d.r.c.RepositoryConfigurationDelegate : Finished Spring Data repository scanning in 92 ms. Found 2 JPA repository interfaces.
2026-02-20T07:40:03.752Z  INFO 1 --- [Chat Rag Storage] [main] o.s.boot.tomcat.TomcatWebServer          : Tomcat initialized with port 8080 (http)
2026-02-20T07:40:03.796Z  INFO 1 --- [Chat Rag Storage] [main] o.apache.catalina.core.StandardService   : Starting service [Tomcat]
2026-02-20T07:40:03.801Z  INFO 1 --- [Chat Rag Storage] [main] o.apache.catalina.core.StandardEngine    : Starting Servlet engine: [Apache Tomcat/11.0.15]
2026-02-20T07:40:03.859Z  INFO 1 --- [Chat Rag Storage] [main] b.w.c.s.WebApplicationContextInitializer : Root WebApplicationContext: initialization completed in 3634 ms
2026-02-20T07:40:04.391Z  INFO 1 --- [Chat Rag Storage] [main] org.hibernate.orm.jpa                    : HHH008540: Processing PersistenceUnitInfo [name: default]
2026-02-20T07:40:04.489Z  INFO 1 --- [Chat Rag Storage] [main] org.hibernate.orm.core                   : HHH000001: Hibernate ORM core version 7.2.1.Final
2026-02-20T07:40:05.215Z  INFO 1 --- [Chat Rag Storage] [main] o.s.o.j.p.SpringPersistenceUnitInfo      : No LoadTimeWeaver setup: ignoring JPA class transformer
2026-02-20T07:40:05.261Z  INFO 1 --- [Chat Rag Storage] [main] com.zaxxer.hikari.HikariDataSource       : HikariPool-1 - Starting...
2026-02-20T07:40:05.595Z  INFO 1 --- [Chat Rag Storage] [main] com.zaxxer.hikari.pool.HikariPool        : HikariPool-1 - Added connection org.postgresql.jdbc.PgConnection@359fa722
2026-02-20T07:40:05.602Z  INFO 1 --- [Chat Rag Storage] [main] com.zaxxer.hikari.HikariDataSource       : HikariPool-1 - Start completed.
2026-02-20T07:40:05.702Z  INFO 1 --- [Chat Rag Storage] [main] org.hibernate.orm.connections.pooling    : HHH10001005: Database info:
	Database JDBC URL [jdbc:postgresql://db:5432/chat-rag]
	Database driver: PostgreSQL JDBC Driver
	Database dialect: PostgreSQLDialect
	Database version: 16.12
	Default catalog/schema: chat-rag/public
	Autocommit mode: undefined/unknown
	Isolation level: READ_COMMITTED [default READ_COMMITTED]
	JDBC fetch size: none
	Pool: DataSourceConnectionProvider
	Minimum pool size: undefined/unknown
	Maximum pool size: undefined/unknown
2026-02-20T07:40:07.116Z  INFO 1 --- [Chat Rag Storage] [main] org.hibernate.orm.core                   : HHH000489: No JTA platform available (set 'hibernate.transaction.jta.platform' to enable JTA platform integration)
2026-02-20T07:40:07.222Z  INFO 1 --- [Chat Rag Storage] [main] j.LocalContainerEntityManagerFactoryBean : Initialized JPA EntityManagerFactory for persistence unit 'default'
2026-02-20T07:40:07.364Z  INFO 1 --- [Chat Rag Storage] [main] o.s.d.j.r.query.QueryEnhancerFactories   : Hibernate is in classpath; If applicable, HQL parser will be used.
2026-02-20T07:40:08.653Z  WARN 1 --- [Chat Rag Storage] [main] JpaBaseConfiguration$JpaWebConfiguration : spring.jpa.open-in-view is enabled by default. Therefore, database queries may be performed during view rendering. Explicitly configure spring.jpa.open-in-view to disable this warning
2026-02-20T07:40:08.764Z  WARN 1 --- [Chat Rag Storage] [main] .s.a.UserDetailsServiceAutoConfiguration : 

Using generated security password: 3a50c863-e781-45dd-91e0-0f835c88a232

This generated password is for development use only. Your security configuration must be updated before running your application in production.

2026-02-20T07:40:08.780Z  INFO 1 --- [Chat Rag Storage] [main] r$InitializeUserDetailsManagerConfigurer : Global AuthenticationManager configured with UserDetailsService bean with name inMemoryUserDetailsManager
2026-02-20T07:40:08.987Z  WARN 1 --- [Chat Rag Storage] [main] o.s.s.c.a.web.builders.WebSecurity       : You are asking Spring Security to ignore PathPattern [/v3/api-docs/**]. This is not recommended -- please use permitAll via HttpSecurity#authorizeHttpRequests instead.
2026-02-20T07:40:08.990Z  WARN 1 --- [Chat Rag Storage] [main] o.s.s.c.a.web.builders.WebSecurity       : You are asking Spring Security to ignore PathPattern [/swagger-ui/**]. This is not recommended -- please use permitAll via HttpSecurity#authorizeHttpRequests instead.
2026-02-20T07:40:08.994Z  WARN 1 --- [Chat Rag Storage] [main] o.s.s.c.a.web.builders.WebSecurity       : You are asking Spring Security to ignore PathPattern [/swagger-ui.html]. This is not recommended -- please use permitAll via HttpSecurity#authorizeHttpRequests instead.
2026-02-20T07:40:08.998Z  WARN 1 --- [Chat Rag Storage] [main] o.s.s.c.a.web.builders.WebSecurity       : You are asking Spring Security to ignore PathPattern [/swagger-ui/webjars/**]. This is not recommended -- please use permitAll via HttpSecurity#authorizeHttpRequests instead.
2026-02-20T07:40:09.002Z  WARN 1 --- [Chat Rag Storage] [main] o.s.s.c.a.web.builders.WebSecurity       : You are asking Spring Security to ignore PathPattern [/actuator/**]. This is not recommended -- please use permitAll via HttpSecurity#authorizeHttpRequests instead.
2026-02-20T07:40:10.069Z  INFO 1 --- [Chat Rag Storage] [main] o.s.b.a.e.web.EndpointLinksResolver      : Exposing 3 endpoints beneath base path '/actuator'
2026-02-20T07:40:10.200Z  INFO 1 --- [Chat Rag Storage] [main] o.s.boot.tomcat.TomcatWebServer          : Tomcat started on port 8080 (http) with context path '/'
2026-02-20T07:40:10.225Z  INFO 1 --- [Chat Rag Storage] [main] c.a.c.ChatRagStorageApplication          : Started ChatRagStorageApplication in 11.219 seconds (process running for 12.244)
2026-02-20T07:40:50.737Z  INFO 1 --- [Chat Rag Storage] [http-nio-8080-exec-2] o.a.c.c.C.[Tomcat].[localhost].[/]       : Initializing Spring DispatcherServlet 'dispatcherServlet'
2026-02-20T07:40:50.740Z  INFO 1 --- [Chat Rag Storage] [http-nio-8080-exec-2] o.s.web.servlet.DispatcherServlet        : Initializing Servlet 'dispatcherServlet'
2026-02-20T07:40:50.746Z  INFO 1 --- [Chat Rag Storage] [http-nio-8080-exec-2] o.s.web.servlet.DispatcherServlet        : Completed initialization in 4 ms
2026-02-20T07:40:58.615Z ERROR 1 --- [Chat Rag Storage] [http-nio-8080-exec-3] c.a.c.exception.GlobalExceptionHandler   : Resource not found: Session id is not present 
2026-02-20T08:19:02.665Z  INFO 1 --- [Chat Rag Storage] [SpringApplicationShutdownHook] o.s.boot.tomcat.GracefulShutdown         : Commencing graceful shutdown. Waiting for active requests to complete
2026-02-20T08:19:02.671Z  INFO 1 --- [Chat Rag Storage] [tomcat-shutdown] o.s.boot.tomcat.GracefulShutdown         : Graceful shutdown complete
2026-02-20T08:19:02.683Z  INFO 1 --- [Chat Rag Storage] [SpringApplicationShutdownHook] j.LocalContainerEntityManagerFactoryBean : Closing JPA EntityManagerFactory for persistence unit 'default'
2026-02-20T08:19:02.688Z  INFO 1 --- [Chat Rag Storage] [SpringApplicationShutdownHook] com.zaxxer.hikari.HikariDataSource       : HikariPool-1 - Shutdown initiated...
2026-02-20T08:19:02.694Z  INFO 1 --- [Chat Rag Storage] [SpringApplicationShutdownHook] com.zaxxer.hikari.HikariDataSource       : HikariPool-1 - Shutdown completed.
